c:\users\utilizador\downloads\cloned\engineproject\gameengineproject\gameproject\x64\debug\vc143.pdb
c:\users\utilizador\downloads\cloned\engineproject\gameengineproject\gameproject\x64\debug\vc143.idb
c:\users\utilizador\downloads\cloned\engineproject\gameengineproject\gameproject\x64\debug\xenonlevel.obj
c:\users\utilizador\downloads\cloned\engineproject\gameengineproject\gameproject\x64\debug\stoneasteroids.obj
c:\users\utilizador\downloads\cloned\engineproject\gameengineproject\gameproject\x64\debug\rusher.obj
c:\users\utilizador\downloads\cloned\engineproject\gameengineproject\gameproject\x64\debug\powerhealth.obj
c:\users\utilizador\downloads\cloned\engineproject\gameengineproject\gameproject\x64\debug\player.obj
c:\users\utilizador\downloads\cloned\engineproject\gameengineproject\gameproject\x64\debug\missile.obj
c:\users\utilizador\downloads\cloned\engineproject\gameengineproject\gameproject\x64\debug\metalasteroids.obj
c:\users\utilizador\downloads\cloned\engineproject\gameengineproject\gameproject\x64\debug\loner.obj
c:\users\utilizador\downloads\cloned\engineproject\gameengineproject\gameproject\x64\debug\gameproject.obj
c:\users\utilizador\downloads\cloned\engineproject\gameengineproject\gameproject\x64\debug\friendlymissile.obj
c:\users\utilizador\downloads\cloned\engineproject\gameengineproject\gameproject\x64\debug\explo.obj
c:\users\utilizador\downloads\cloned\engineproject\gameengineproject\gameproject\x64\debug\enemymissile.obj
c:\users\utilizador\downloads\cloned\engineproject\gameengineproject\gameproject\x64\debug\enemy.obj
c:\users\utilizador\downloads\cloned\engineproject\gameengineproject\gameproject\x64\debug\collectibles.obj
c:\users\utilizador\downloads\cloned\engineproject\gameengineproject\gameproject\x64\debug\asteroids.obj
c:\users\utilizador\downloads\cloned\engineproject\gameengineproject\gameproject\x64\debug\powerbullet.obj
c:\users\utilizador\downloads\cloned\engineproject\gameengineproject\gameproject\x64\debug\drone.obj
c:\users\utilizador\downloads\cloned\engineproject\gameengineproject\x64\debug\gameproject.exe
c:\users\utilizador\downloads\cloned\engineproject\gameengineproject\x64\debug\gameproject.pdb
c:\users\utilizador\downloads\cloned\engineproject\gameengineproject\gameproject\x64\debug\gameproject.ilk
c:\users\utilizador\downloads\cloned\engineproject\gameengineproject\gameproject\x64\debug\wall.obj
c:\users\utilizador\downloads\cloned\engineproject\gameengineproject\gameproject\x64\debug\gameproject.tlog\cl.command.1.tlog
c:\users\utilizador\downloads\cloned\engineproject\gameengineproject\gameproject\x64\debug\gameproject.tlog\cl.items.tlog
c:\users\utilizador\downloads\cloned\engineproject\gameengineproject\gameproject\x64\debug\gameproject.tlog\cl.read.1.tlog
c:\users\utilizador\downloads\cloned\engineproject\gameengineproject\gameproject\x64\debug\gameproject.tlog\cl.write.1.tlog
c:\users\utilizador\downloads\cloned\engineproject\gameengineproject\gameproject\x64\debug\gameproject.tlog\link.command.1.tlog
c:\users\utilizador\downloads\cloned\engineproject\gameengineproject\gameproject\x64\debug\gameproject.tlog\link.read.1.tlog
c:\users\utilizador\downloads\cloned\engineproject\gameengineproject\gameproject\x64\debug\gameproject.tlog\link.secondary.1.tlog
c:\users\utilizador\downloads\cloned\engineproject\gameengineproject\gameproject\x64\debug\gameproject.tlog\link.write.1.tlog
