  GameProject.cpp
C:\Users\Rui\Documents\GitHub\EngineProject\GameEngineProject\GameEngineProject\Levels.h(8,18): warning C4099: 'SDL_Texture': nome de tipo visto primeiro usando 'struct', agora visto usando 'class'
C:\Users\Rui\Documents\GitHub\EngineProject\GameEngineProject\GameEngineProject\Vendor\include\SDL_render.h(147,8): message : consulte a declaração de 'SDL_Texture'
C:\Users\Rui\Documents\GitHub\EngineProject\GameEngineProject\GameEngineProject\GameObjects.h(12,24): warning C4091: 'typedef ': ignorado à esquerda de 'b2BodyId' quando nenhuma variável é declarada
C:\Users\Rui\Documents\GitHub\EngineProject\GameEngineProject\GameEngineProject\GameObjects.h(13,25): warning C4091: 'typedef ': ignorado à esquerda de 'b2ShapeId' quando nenhuma variável é declarada
GameEngineProject.lib(world.obj) : warning LNK4099: PDB '' não foi encontrado 'GameEngineProject.lib(world.obj)' ou no ''; vinculando objeto quando quando sem nenhuma informação de depuração
GameEngineProject.lib(body.obj) : warning LNK4099: PDB '' não foi encontrado 'GameEngineProject.lib(body.obj)' ou no ''; vinculando objeto quando quando sem nenhuma informação de depuração
GameEngineProject.lib(geometry.obj) : warning LNK4099: PDB '' não foi encontrado 'GameEngineProject.lib(geometry.obj)' ou no ''; vinculando objeto quando quando sem nenhuma informação de depuração
GameEngineProject.lib(types.obj) : warning LNK4099: PDB '' não foi encontrado 'GameEngineProject.lib(types.obj)' ou no ''; vinculando objeto quando quando sem nenhuma informação de depuração
GameEngineProject.lib(shape.obj) : warning LNK4099: PDB '' não foi encontrado 'GameEngineProject.lib(shape.obj)' ou no ''; vinculando objeto quando quando sem nenhuma informação de depuração
GameEngineProject.lib(core.obj) : warning LNK4099: PDB '' não foi encontrado 'GameEngineProject.lib(core.obj)' ou no ''; vinculando objeto quando quando sem nenhuma informação de depuração
GameEngineProject.lib(timer.obj) : warning LNK4099: PDB '' não foi encontrado 'GameEngineProject.lib(timer.obj)' ou no ''; vinculando objeto quando quando sem nenhuma informação de depuração
GameEngineProject.lib(contact.obj) : warning LNK4099: PDB '' não foi encontrado 'GameEngineProject.lib(contact.obj)' ou no ''; vinculando objeto quando quando sem nenhuma informação de depuração
GameEngineProject.lib(island.obj) : warning LNK4099: PDB '' não foi encontrado 'GameEngineProject.lib(island.obj)' ou no ''; vinculando objeto quando quando sem nenhuma informação de depuração
GameEngineProject.lib(joint.obj) : warning LNK4099: PDB '' não foi encontrado 'GameEngineProject.lib(joint.obj)' ou no ''; vinculando objeto quando quando sem nenhuma informação de depuração
GameEngineProject.lib(solver_set.obj) : warning LNK4099: PDB '' não foi encontrado 'GameEngineProject.lib(solver_set.obj)' ou no ''; vinculando objeto quando quando sem nenhuma informação de depuração
GameEngineProject.lib(bitset.obj) : warning LNK4099: PDB '' não foi encontrado 'GameEngineProject.lib(bitset.obj)' ou no ''; vinculando objeto quando quando sem nenhuma informação de depuração
GameEngineProject.lib(table.obj) : warning LNK4099: PDB '' não foi encontrado 'GameEngineProject.lib(table.obj)' ou no ''; vinculando objeto quando quando sem nenhuma informação de depuração
GameEngineProject.lib(math_functions.obj) : warning LNK4099: PDB '' não foi encontrado 'GameEngineProject.lib(math_functions.obj)' ou no ''; vinculando objeto quando quando sem nenhuma informação de depuração
GameEngineProject.lib(aabb.obj) : warning LNK4099: PDB '' não foi encontrado 'GameEngineProject.lib(aabb.obj)' ou no ''; vinculando objeto quando quando sem nenhuma informação de depuração
GameEngineProject.lib(distance.obj) : warning LNK4099: PDB '' não foi encontrado 'GameEngineProject.lib(distance.obj)' ou no ''; vinculando objeto quando quando sem nenhuma informação de depuração
GameEngineProject.lib(dynamic_tree.obj) : warning LNK4099: PDB '' não foi encontrado 'GameEngineProject.lib(dynamic_tree.obj)' ou no ''; vinculando objeto quando quando sem nenhuma informação de depuração
GameEngineProject.lib(broad_phase.obj) : warning LNK4099: PDB '' não foi encontrado 'GameEngineProject.lib(broad_phase.obj)' ou no ''; vinculando objeto quando quando sem nenhuma informação de depuração
GameEngineProject.lib(constraint_graph.obj) : warning LNK4099: PDB '' não foi encontrado 'GameEngineProject.lib(constraint_graph.obj)' ou no ''; vinculando objeto quando quando sem nenhuma informação de depuração
GameEngineProject.lib(id_pool.obj) : warning LNK4099: PDB '' não foi encontrado 'GameEngineProject.lib(id_pool.obj)' ou no ''; vinculando objeto quando quando sem nenhuma informação de depuração
GameEngineProject.lib(stack_allocator.obj) : warning LNK4099: PDB '' não foi encontrado 'GameEngineProject.lib(stack_allocator.obj)' ou no ''; vinculando objeto quando quando sem nenhuma informação de depuração
GameEngineProject.lib(solver.obj) : warning LNK4099: PDB '' não foi encontrado 'GameEngineProject.lib(solver.obj)' ou no ''; vinculando objeto quando quando sem nenhuma informação de depuração
GameEngineProject.lib(hull.obj) : warning LNK4099: PDB '' não foi encontrado 'GameEngineProject.lib(hull.obj)' ou no ''; vinculando objeto quando quando sem nenhuma informação de depuração
LINK : warning LNK4098: defaultlib 'LIBCMTD' conflita com uso de outras bibliotecas; use /NODEFAULTLIB:library
GameEngineProject.lib(manifold.obj) : warning LNK4099: PDB '' não foi encontrado 'GameEngineProject.lib(manifold.obj)' ou no ''; vinculando objeto quando quando sem nenhuma informação de depuração
GameEngineProject.lib(array.obj) : warning LNK4099: PDB '' não foi encontrado 'GameEngineProject.lib(array.obj)' ou no ''; vinculando objeto quando quando sem nenhuma informação de depuração
GameEngineProject.lib(distance_joint.obj) : warning LNK4099: PDB '' não foi encontrado 'GameEngineProject.lib(distance_joint.obj)' ou no ''; vinculando objeto quando quando sem nenhuma informação de depuração
GameEngineProject.lib(motor_joint.obj) : warning LNK4099: PDB '' não foi encontrado 'GameEngineProject.lib(motor_joint.obj)' ou no ''; vinculando objeto quando quando sem nenhuma informação de depuração
GameEngineProject.lib(mouse_joint.obj) : warning LNK4099: PDB '' não foi encontrado 'GameEngineProject.lib(mouse_joint.obj)' ou no ''; vinculando objeto quando quando sem nenhuma informação de depuração
GameEngineProject.lib(prismatic_joint.obj) : warning LNK4099: PDB '' não foi encontrado 'GameEngineProject.lib(prismatic_joint.obj)' ou no ''; vinculando objeto quando quando sem nenhuma informação de depuração
GameEngineProject.lib(revolute_joint.obj) : warning LNK4099: PDB '' não foi encontrado 'GameEngineProject.lib(revolute_joint.obj)' ou no ''; vinculando objeto quando quando sem nenhuma informação de depuração
GameEngineProject.lib(weld_joint.obj) : warning LNK4099: PDB '' não foi encontrado 'GameEngineProject.lib(weld_joint.obj)' ou no ''; vinculando objeto quando quando sem nenhuma informação de depuração
GameEngineProject.lib(wheel_joint.obj) : warning LNK4099: PDB '' não foi encontrado 'GameEngineProject.lib(wheel_joint.obj)' ou no ''; vinculando objeto quando quando sem nenhuma informação de depuração
GameEngineProject.lib(contact_solver.obj) : warning LNK4099: PDB '' não foi encontrado 'GameEngineProject.lib(contact_solver.obj)' ou no ''; vinculando objeto quando quando sem nenhuma informação de depuração
  GameProject.vcxproj -> C:\Users\Rui\Documents\GitHub\EngineProject\GameEngineProject\x64\Debug\GameProject.exe
