c:\users\utilizador\downloads\engineproject-changes\engineproject-changes\gameengineproject\x64\debug\gameengineproject.pdb
c:\users\utilizador\downloads\engineproject-changes\engineproject-changes\gameengineproject\x64\debug\gameengineproject.idb
c:\users\utilizador\downloads\engineproject-changes\engineproject-changes\gameengineproject\gameengineproject\x64\debug\stb_image.obj
c:\users\utilizador\downloads\engineproject-changes\engineproject-changes\gameengineproject\gameengineproject\x64\debug\sprite.obj
c:\users\utilizador\downloads\engineproject-changes\engineproject-changes\gameengineproject\gameengineproject\x64\debug\pawns.obj
c:\users\utilizador\downloads\engineproject-changes\engineproject-changes\gameengineproject\gameengineproject\x64\debug\levels.obj
c:\users\utilizador\downloads\engineproject-changes\engineproject-changes\gameengineproject\gameengineproject\x64\debug\gameobjects.obj
c:\users\utilizador\downloads\engineproject-changes\engineproject-changes\gameengineproject\gameengineproject\x64\debug\gameengineproject.obj
c:\users\utilizador\downloads\engineproject-changes\engineproject-changes\gameengineproject\gameengineproject\x64\debug\animation.obj
c:\users\utilizador\downloads\engineproject-changes\engineproject-changes\gameengineproject\gameengineproject\x64\debug\glad.obj
c:\users\utilizador\downloads\engineproject-changes\engineproject-changes\gameengineproject\x64\debug\gameengineproject.lib
c:\users\utilizador\downloads\cloned\engineproject\gameengineproject\gameengineproject\x64\debug\animation.obj
c:\users\utilizador\downloads\cloned\engineproject\gameengineproject\gameengineproject\x64\debug\gameengineproject.obj
c:\users\utilizador\downloads\cloned\engineproject\gameengineproject\gameengineproject\x64\debug\gameobjects.obj
c:\users\utilizador\downloads\cloned\engineproject\gameengineproject\gameengineproject\x64\debug\glad.obj
c:\users\utilizador\downloads\cloned\engineproject\gameengineproject\gameengineproject\x64\debug\levels.obj
c:\users\utilizador\downloads\cloned\engineproject\gameengineproject\gameengineproject\x64\debug\pawns.obj
c:\users\utilizador\downloads\cloned\engineproject\gameengineproject\gameengineproject\x64\debug\sprite.obj
c:\users\utilizador\downloads\cloned\engineproject\gameengineproject\gameengineproject\x64\debug\stb_image.obj
c:\users\utilizador\downloads\cloned\engineproject\gameengineproject\x64\debug\gameengineproject.pdb
c:\users\utilizador\downloads\cloned\engineproject\gameengineproject\x64\debug\gameengineproject.lib
c:\users\utilizador\downloads\cloned\engineproject\gameengineproject\gameengineproject\x64\debug\gameengi.6d1e78c5.tlog\cl.command.1.tlog
c:\users\utilizador\downloads\cloned\engineproject\gameengineproject\gameengineproject\x64\debug\gameengi.6d1e78c5.tlog\cl.items.tlog
c:\users\utilizador\downloads\cloned\engineproject\gameengineproject\gameengineproject\x64\debug\gameengi.6d1e78c5.tlog\cl.read.1.tlog
c:\users\utilizador\downloads\cloned\engineproject\gameengineproject\gameengineproject\x64\debug\gameengi.6d1e78c5.tlog\cl.write.1.tlog
c:\users\utilizador\downloads\cloned\engineproject\gameengineproject\gameengineproject\x64\debug\gameengi.6d1e78c5.tlog\lib-link.read.1.tlog
c:\users\utilizador\downloads\cloned\engineproject\gameengineproject\gameengineproject\x64\debug\gameengi.6d1e78c5.tlog\lib-link.write.1.tlog
c:\users\utilizador\downloads\cloned\engineproject\gameengineproject\gameengineproject\x64\debug\gameengi.6d1e78c5.tlog\lib.command.1.tlog
